[+] Periodos de 1 dia(s) | Total: 366 | Pendientes: 174
  [193/366] 2024-06-22 -> 2024-06-23 ... 6 nuevos | 2924 total | 2024-06 
  [194/366] 2024-06-21 -> 2024-06-22 ... 36 nuevos | 2942 total | 2024-06 
  [195/366] 2024-06-20 -> 2024-06-21 ... 10 nuevos | 2947 total | 2024-06 
  [196/366] 2024-06-19 -> 2024-06-20 ... 18 nuevos | 2956 total | 2024-06 
  [197/366] 2024-06-18 -> 2024-06-19 ... 8 nuevos | 2960 total | 2024-06 

    [pausa 120s -- 169 dias pendientes]

  [198/366] 2024-06-17 -> 2024-06-18 ... 10 nuevos | 2965 total | 2024-06 
  [199/366] 2024-06-16 -> 2024-06-17 ... 6 nuevos | 2968 total | 2024-06 
  [200/366] 2024-06-15 -> 2024-06-16 ... 0 nuevos | 2968 total | 2024-06 RATE_LIMIT?
  [201/366] 2024-06-14 -> 2024-06-15 ... 10 nuevos | 2973 total | 2024-06 
  [202/366] 2024-06-13 -> 2024-06-14 ... 40 nuevos | 2993 total | 2024-06 

    [pausa 120s -- 164 dias pendientes]

  [203/366] 2024-06-12 -> 2024-06-13 ... 40 nuevos | 3013 total | 2024-06 
  [204/366] 2024-06-11 -> 2024-06-12 ... 40 nuevos | 3033 total | 2024-06 
  [205/366] 2024-06-10 -> 2024-06-11 ... 18 nuevos | 3042 total | 2024-06 
  [206/366] 2024-06-09 -> 2024-06-10 ... 2 nuevos | 3042 total | 2024-06 
  [207/366] 2024-06-08 -> 2024-06-09 ... 10 nuevos | 3042 total | 2024-06 

    [pausa 120s -- 159 dias pendientes]

  [208/366] 2024-06-07 -> 2024-06-08 ... 18 nuevos | 3042 total | 2024-06 
  [209/366] 2024-06-06 -> 2024-06-07 ... 8 nuevos | 3042 total | 2024-06 
  [210/366] 2024-06-05 -> 2024-06-06 ... 16 nuevos | 3049 total | 2024-06 
  [211/366] 2024-06-04 -> 2024-06-05 ... 26 nuevos | 3062 total | 2024-06 
  [212/366] 2024-06-03 -> 2024-06-04 ... 10 nuevos | 3067 total | 2024-06 

    [pausa 120s -- 154 dias pendientes]

  [213/366] 2024-06-02 -> 2024-06-03 ... 10 nuevos | 3067 total | 2024-06 
  [214/366] 2024-06-01 -> 2024-06-02 ... 8 nuevos | 3067 total | 2024-06 
  [215/366] 2024-05-31 -> 2024-06-01 ... 14 nuevos | 3067 total | 2024-05 
  [216/366] 2024-05-30 -> 2024-05-31 ... 10 nuevos | 3067 total | 2024-05 
  [217/366] 2024-05-29 -> 2024-05-30 ... 18 nuevos | 3068 total | 2024-05 

    [pausa 120s -- 149 dias pendientes]

  [218/366] 2024-05-28 -> 2024-05-29 ... 8 nuevos | 3072 total | 2024-05 
  [219/366] 2024-05-27 -> 2024-05-28 ... 20 nuevos | 3082 total | 2024-05 
  [220/366] 2024-05-26 -> 2024-05-27 ... 6 nuevos | 3082 total | 2024-05 
  [221/366] 2024-05-25 -> 2024-05-26 ... 16 nuevos | 3082 total | 2024-05 
  [222/366] 2024-05-24 -> 2024-05-25 ... 12 nuevos | 3082 total | 2024-05 

    [pausa 120s -- 144 dias pendientes]

  [223/366] 2024-05-23 -> 2024-05-24 ... 10 nuevos | 3084 total | 2024-05 
  [224/366] 2024-05-22 -> 2024-05-23 ... 4 nuevos | 3086 total | 2024-05 
  [225/366] 2024-05-21 -> 2024-05-22 ... 10 nuevos | 3091 total | 2024-05 
  [226/366] 2024-05-20 -> 2024-05-21 ... 10 nuevos | 3096 total | 2024-05 
  [227/366] 2024-05-19 -> 2024-05-20 ... 