2026-04-17 02:05:23 [+] Total: 838 dias | Pendientes: 805
2026-04-17 02:05:30   [014/838] 2024-01-14  16 tweets
2026-04-17 02:05:37   [015/838] 2024-01-15  10 tweets
2026-04-17 02:05:43   [036/838] 2024-02-05  12 tweets
2026-04-17 02:05:49   [037/838] 2024-02-06  22 tweets
2026-04-17 02:05:55   [038/838] 2024-02-07  16 tweets
2026-04-17 02:06:01   [039/838] 2024-02-08  14 tweets
2026-04-17 02:06:07   [040/838] 2024-02-09  22 tweets
2026-04-17 02:06:07 [pausa 60s -- 798 dias pendientes]
2026-04-17 02:07:13   [041/838] 2024-02-10  6 tweets
2026-04-17 02:07:20   [042/838] 2024-02-11  2 tweets
2026-04-17 02:07:26   [043/838] 2024-02-12  1 tweets RATE_LIMIT?
2026-04-17 02:07:32   [044/838] 2024-02-13  0 tweets RATE_LIMIT?
2026-04-17 02:07:38   [probe] 0 tweets — RATE LIMIT CONFIRMADO
2026-04-17 02:07:38 [!] Revertidos: ['2024-02-12', '2024-02-13']
2026-04-17 02:07:38 [!] Actualiza cookies.json y vuelve a ejecutar para retomar.
2026-04-17 02:07:38 [+] Finalizado. Datos en: C:\Users\ptole\Desktop\Pitters-Git\emergency-oracle\scraper\scraped_data/
2026-04-17 02:12:25 [+] Total: 838 dias | Pendientes: 796
2026-04-17 02:12:31   [043/838] 2024-02-12  2 tweets
2026-04-17 02:12:43   [044/838] 2024-02-13  6 tweets
2026-04-17 02:13:01   [045/838] 2024-02-14  6 tweets
2026-04-17 02:13:13   [046/838] 2024-02-15  8 tweets
2026-04-17 02:13:30   [047/838] 2024-02-16  14 tweets
2026-04-17 02:13:46   [048/838] 2024-02-17  4 tweets
2026-04-17 02:14:01   [049/838] 2024-02-18  8 tweets
2026-04-17 02:14:12 [pausa 60s -- 789 dias pendientes]
2026-04-17 02:15:19   [050/838] 2024-02-19  8 tweets
2026-04-17 02:15:36   [051/838] 2024-02-20  4 tweets
2026-04-17 02:15:54   [052/838] 2024-02-21  8 tweets
2026-04-17 02:16:14   [053/838] 2024-02-22  6 tweets
2026-04-17 02:16:28   [054/838] 2024-02-23  2 tweets
2026-04-17 02:16:41   [055/838] 2024-02-24  8 tweets
2026-04-17 02:16:54   [056/838] 2024-02-25  4 tweets
2026-04-17 02:17:02 [pausa 60s -- 782 dias pendientes]
2026-04-17 02:18:08   [057/838] 2024-02-26  8 tweets
2026-04-17 02:18:26   [058/838] 2024-02-27  6 tweets
2026-04-17 02:18:45   [059/838] 2024-02-28  14 tweets
2026-04-17 02:19:02   [060/838] 2024-02-29  8 tweets
2026-04-17 02:19:23   [061/838] 2024-03-01  14 tweets
2026-04-17 02:19:40   [062/838] 2024-03-02  10 tweets
2026-04-17 02:19:55   [063/838] 2024-03-03  0 tweets
2026-04-17 02:20:05 [pausa 60s -- 775 dias pendientes]
2026-04-17 02:21:11   [064/838] 2024-03-04  20 tweets
2026-04-17 02:21:25   [065/838] 2024-03-05  4 tweets
2026-04-17 02:21:41   [066/838] 2024-03-06  6 tweets
2026-04-17 02:21:53   [067/838] 2024-03-07  16 tweets
2026-04-17 02:22:13   [068/838] 2024-03-08  12 tweets RATE_LIMIT?
2026-04-17 02:22:28   [069/838] 2024-03-09  0 tweets RATE_LIMIT?
2026-04-17 02:22:34   [probe] 0 tweets — RATE LIMIT CONFIRMADO
2026-04-17 02:22:34 [!] Revertidos y CSVs eliminados: ['2024-03-08', '2024-03-09']
2026-04-17 02:22:34 [!] Actualiza cookies.json y vuelve a ejecutar para retomar.
2026-04-17 02:22:34 [+] Finalizado. Datos en: C:\Users\ptole\Desktop\Pitters-Git\emergency-oracle\scraper\scraped_data/
2026-04-17 02:24:35 [+] Total: 838 dias | Pendientes: 771
2026-04-17 02:24:42   [068/838] 2024-03-08  0 tweets RATE_LIMIT?
2026-04-17 02:24:49   [probe] 0 tweets — RATE LIMIT CONFIRMADO
2026-04-17 02:24:49 [!] Revertidos y CSVs eliminados: ['2024-03-08']
2026-04-17 02:24:49 [!] Actualiza cookies.json y vuelve a ejecutar para retomar.
2026-04-17 02:24:49 [+] Finalizado. Datos en: C:\Users\ptole\Desktop\Pitters-Git\emergency-oracle\scraper\scraped_data/
2026-04-17 02:26:35 [+] Total: 838 dias | Pendientes: 771
2026-04-17 02:26:42   [068/838] 2024-03-08  0 tweets RATE_LIMIT?
2026-04-17 02:26:48   [probe] 0 tweets — RATE LIMIT CONFIRMADO
2026-04-17 02:26:48 [!] Revertidos y CSVs eliminados: ['2024-03-08']
2026-04-17 02:26:48 [!] Actualiza cookies.json y vuelve a ejecutar para retomar.
2026-04-17 02:26:49 [+] Finalizado. Datos en: C:\Users\ptole\Desktop\Pitters-Git\emergency-oracle\scraper\scraped_data/
2026-04-17 02:31:37 [+] Total: 838 dias | Pendientes: 771
2026-04-17 02:31:44   [068/838] 2024-03-08  24 tweets
2026-04-17 02:32:01   [069/838] 2024-03-09  8 tweets
2026-04-17 02:32:42   [070/838] 2024-03-10  4 tweets
2026-04-17 02:33:17   [071/838] 2024-03-11  14 tweets
2026-04-17 02:34:00   [072/838] 2024-03-12  0 tweets
2026-04-17 02:34:23   [073/838] 2024-03-13  6 tweets
2026-04-17 02:34:42   [074/838] 2024-03-14  6 tweets
2026-04-17 02:35:16   [075/838] 2024-03-15  16 tweets
2026-04-17 02:35:38   [076/838] 2024-03-16  24 tweets
2026-04-17 02:35:59   [077/838] 2024-03-17  34 tweets
2026-04-17 02:36:22   [078/838] 2024-03-18  10 tweets
2026-04-17 02:37:04   [079/838] 2024-03-19  18 tweets
2026-04-17 02:37:35   [080/838] 2024-03-20  6 tweets
2026-04-17 02:38:26   [081/838] 2024-03-21  8 tweets
2026-04-17 02:38:51   [082/838] 2024-03-22  6 tweets
2026-04-17 02:39:38   [083/838] 2024-03-23  8 tweets
2026-04-17 02:39:55   [084/838] 2024-03-24  2 tweets
2026-04-17 02:40:26   [085/838] 2024-03-25  8 tweets
2026-04-17 02:40:51   [086/838] 2024-03-26  10 tweets
2026-04-17 02:41:01 [+] Total: 838 dias | Pendientes: 752
2026-04-17 02:41:08   [087/838] 2024-03-27  4 tweets
2026-04-17 02:41:57   [088/838] 2024-03-28  10 tweets
2026-04-17 02:42:41   [089/838] 2024-03-29  6 tweets
2026-04-17 02:42:55   [090/838] 2024-03-30  0 tweets RATE_LIMIT?
2026-04-17 02:43:01   [probe] 0 tweets — RATE LIMIT CONFIRMADO
2026-04-17 02:43:01 [!] Revertidos y CSVs eliminados: ['2024-03-29', '2024-03-30']
2026-04-17 02:43:01 [!] Rate limit confirmado — esperando 1 minuto y reintentando...
2026-04-17 02:44:01 [+] Total: 838 dias | Pendientes: 750
2026-04-17 02:44:07   [089/838] 2024-03-29  6 tweets
2026-04-17 02:44:24   [090/838] 2024-03-30  4 tweets
2026-04-17 02:44:51   [091/838] 2024-03-31  6 tweets
2026-04-17 02:45:39   [092/838] 2024-04-01  6 tweets
2026-04-17 02:46:18   [093/838] 2024-04-02  12 tweets
2026-04-17 02:46:46   [094/838] 2024-04-03  12 tweets
2026-04-17 02:47:24   [095/838] 2024-04-04  6 tweets
2026-04-17 02:47:36   [096/838] 2024-04-05  16 tweets
2026-04-17 02:48:19   [097/838] 2024-04-06  16 tweets
2026-04-17 02:48:44   [098/838] 2024-04-07  8 tweets
2026-04-17 02:49:32   [099/838] 2024-04-08  4 tweets
2026-04-17 02:49:51   [100/838] 2024-04-09  10 tweets
2026-04-17 02:50:27   [101/838] 2024-04-10  8 tweets
2026-04-17 02:51:15   [102/838] 2024-04-11  8 tweets
2026-04-17 02:51:32   [103/838] 2024-04-12  8 tweets
2026-04-17 02:51:57   [104/838] 2024-04-13  2 tweets
2026-04-17 02:52:44   [105/838] 2024-04-14  6 tweets
2026-04-17 02:53:31   [106/838] 2024-04-15  6 tweets
2026-04-17 02:53:48   [107/838] 2024-04-16  4 tweets
2026-04-17 02:54:25   [108/838] 2024-04-17  14 tweets
2026-04-17 02:55:02   [109/838] 2024-04-18  16 tweets
2026-04-17 02:55:36   [110/838] 2024-04-19  16 tweets
2026-04-17 02:56:23   [111/838] 2024-04-20  6 tweets
2026-04-17 02:56:43   [112/838] 2024-04-21  14 tweets
2026-04-17 02:56:56   [113/838] 2024-04-22  12 tweets
2026-04-17 02:57:14   [114/838] 2024-04-23  0 tweets RATE_LIMIT?
2026-04-17 02:57:19   [probe] 0 tweets — RATE LIMIT CONFIRMADO
2026-04-17 02:57:19 [!] Revertidos y CSVs eliminados: ['2024-04-22', '2024-04-23']
2026-04-17 02:57:19 [!] Rate limit confirmado — esperando 1 minuto y reintentando...
2026-04-17 02:58:20 [+] Total: 838 dias | Pendientes: 726
2026-04-17 02:58:26   [113/838] 2024-04-22  0 tweets RATE_LIMIT?
2026-04-17 02:58:33   [probe] 0 tweets — RATE LIMIT CONFIRMADO
2026-04-17 02:58:33 [!] Revertidos y CSVs eliminados: ['2024-04-22']
2026-04-17 02:58:33 [!] Rate limit confirmado — esperando 1 minuto y reintentando...
2026-04-17 02:59:33 [+] Total: 838 dias | Pendientes: 726
2026-04-17 02:59:39   [113/838] 2024-04-22  12 tweets
2026-04-17 03:00:20   [114/838] 2024-04-23  6 tweets
2026-04-17 03:00:34   [115/838] 2024-04-24  10 tweets
2026-04-17 03:01:08   [116/838] 2024-04-25  6 tweets
2026-04-17 03:01:29   [117/838] 2024-04-26  4 tweets
2026-04-17 03:02:01   [118/838] 2024-04-27  12 tweets
2026-04-17 03:02:46   [119/838] 2024-04-28  12 tweets
2026-04-17 03:03:13   [120/838] 2024-04-29  20 tweets
2026-04-17 03:03:57   [121/838] 2024-04-30  6 tweets
2026-04-17 03:04:11   [122/838] 2024-05-01  10 tweets
2026-04-17 03:04:49   [123/838] 2024-05-02  8 tweets
2026-04-17 03:05:37   [124/838] 2024-05-03  6 tweets
2026-04-17 03:06:19   [125/838] 2024-05-04  22 tweets
2026-04-17 03:07:04   [126/838] 2024-05-05  10 tweets
2026-04-17 03:07:38   [127/838] 2024-05-06  6 tweets
2026-04-17 03:08:07   [128/838] 2024-05-07  4 tweets
2026-04-17 03:08:36   [129/838] 2024-05-08  2 tweets
2026-04-17 03:09:21   [130/838] 2024-05-09  6 tweets
2026-04-17 03:10:06   [131/838] 2024-05-10  4 tweets
2026-04-17 03:10:23   [132/838] 2024-05-11  10 tweets
2026-04-17 03:11:01   [133/838] 2024-05-12  12 tweets
2026-04-17 03:11:22   [134/838] 2024-05-13  18 tweets
2026-04-17 03:11:59   [135/838] 2024-05-14  6 tweets
2026-04-17 03:12:20   [136/838] 2024-05-15  20 tweets
2026-04-17 03:13:08   [137/838] 2024-05-16  8 tweets
2026-04-17 03:13:24   [138/838] 2024-05-17  0 tweets RATE_LIMIT?
2026-04-17 03:13:30   [probe] 0 tweets — RATE LIMIT CONFIRMADO
2026-04-17 03:13:30 [!] Revertidos y CSVs eliminados: ['2024-05-16', '2024-05-17']
2026-04-17 03:13:30 [!] Rate limit confirmado — esperando 1 minuto y reintentando...
2026-04-17 03:14:30 [+] Total: 838 dias | Pendientes: 702
2026-04-17 03:14:36   [137/838] 2024-05-16  0 tweets RATE_LIMIT?
2026-04-17 03:14:43   [probe] 30 tweets — mes vacio normal
2026-04-17 03:15:02   [138/838] 2024-05-17  12 tweets
2026-04-17 03:15:46   [139/838] 2024-05-18  14 tweets
2026-04-17 03:16:13   [140/838] 2024-05-19  12 tweets
2026-04-17 03:16:52   [141/838] 2024-05-20  10 tweets
2026-04-17 03:17:29   [142/838] 2024-05-21  10 tweets
2026-04-17 03:18:10   [143/838] 2024-05-22  4 tweets
2026-04-17 03:18:28   [144/838] 2024-05-23  10 tweets
2026-04-17 03:18:47   [145/838] 2024-05-24  12 tweets
2026-04-17 03:19:20   [146/838] 2024-05-25  16 tweets
2026-04-17 03:20:10   [147/838] 2024-05-26  6 tweets
2026-04-17 03:20:41   [148/838] 2024-05-27  20 tweets
2026-04-17 03:21:18   [149/838] 2024-05-28  8 tweets
2026-04-17 03:21:33   [150/838] 2024-05-29  18 tweets
2026-04-17 03:22:07   [151/838] 2024-05-30  10 tweets
2026-04-17 03:22:49   [152/838] 2024-05-31  14 tweets
2026-04-17 03:23:31   [153/838] 2024-06-01  8 tweets
2026-04-17 03:23:52   [154/838] 2024-06-02  10 tweets
2026-04-17 03:24:25   [155/838] 2024-06-03  10 tweets
2026-04-17 03:24:37   [156/838] 2024-06-04  26 tweets
2026-04-17 03:25:20   [157/838] 2024-06-05  16 tweets
2026-04-17 03:26:10   [158/838] 2024-06-06  8 tweets
2026-04-17 03:26:47   [159/838] 2024-06-07  18 tweets
2026-04-17 03:27:27   [160/838] 2024-06-08  10 tweets
2026-04-17 03:27:44   [161/838] 2024-06-09  2 tweets
2026-04-17 03:28:33   [162/838] 2024-06-10  0 tweets RATE_LIMIT?
2026-04-17 03:28:39   [probe] 0 tweets — RATE LIMIT CONFIRMADO
2026-04-17 03:28:39 [!] Revertidos y CSVs eliminados: ['2024-06-09', '2024-06-10']
2026-04-17 03:28:39 [!] Rate limit confirmado — esperando 1 minuto y reintentando...
2026-04-17 03:29:39 [+] Total: 838 dias | Pendientes: 678
2026-04-17 03:29:46   [161/838] 2024-06-09  2 tweets
2026-04-17 03:30:07   [162/838] 2024-06-10  18 tweets
2026-04-17 03:30:24   [163/838] 2024-06-11  40 tweets
2026-04-17 03:30:48   [164/838] 2024-06-12  40 tweets
2026-04-17 03:31:29   [165/838] 2024-06-13  40 tweets
2026-04-17 03:31:44   [166/838] 2024-06-14  10 tweets
2026-04-17 03:32:20   [167/838] 2024-06-15  12 tweets
2026-04-17 03:32:49   [168/838] 2024-06-16  6 tweets
2026-04-17 03:33:20   [169/838] 2024-06-17  10 tweets
2026-04-17 03:34:05   [170/838] 2024-06-18  8 tweets
2026-04-17 03:34:19   [171/838] 2024-06-19  18 tweets
2026-04-17 03:34:38   [172/838] 2024-06-20  10 tweets
2026-04-17 03:35:24   [173/838] 2024-06-21  36 tweets
2026-04-17 03:36:09   [174/838] 2024-06-22  6 tweets
2026-04-17 03:36:23   [175/838] 2024-06-23  10 tweets
2026-04-17 03:36:39   [176/838] 2024-06-24  20 tweets
2026-04-17 03:37:24   [177/838] 2024-06-25  6 tweets
2026-04-17 03:38:14   [178/838] 2024-06-26  8 tweets
2026-04-17 03:38:48   [179/838] 2024-06-27  22 tweets
2026-04-17 03:39:25   [180/838] 2024-06-28  4 tweets
2026-04-17 03:39:58   [181/838] 2024-06-29  20 tweets
2026-04-17 03:40:45   [182/838] 2024-06-30  8 tweets
2026-04-17 03:41:02   [183/838] 2024-07-01  6 tweets
2026-04-17 03:41:32   [184/838] 2024-07-02  6 tweets
2026-04-17 03:42:05   [185/838] 2024-07-03  14 tweets
2026-04-17 03:42:24   [186/838] 2024-07-04  0 tweets RATE_LIMIT?
2026-04-17 03:42:30   [probe] 0 tweets — RATE LIMIT CONFIRMADO
2026-04-17 03:42:30 [!] Revertidos y CSVs eliminados: ['2024-07-03', '2024-07-04']
2026-04-17 03:42:30 [!] Rate limit confirmado — esperando 1 minuto y reintentando...
2026-04-17 03:43:30 [+] Total: 838 dias | Pendientes: 654
2026-04-17 03:43:37   [185/838] 2024-07-03  0 tweets RATE_LIMIT?
2026-04-17 03:43:43   [probe] 0 tweets — RATE LIMIT CONFIRMADO
2026-04-17 03:43:43 [!] Revertidos y CSVs eliminados: ['2024-07-03']
2026-04-17 03:43:43 [!] Rate limit confirmado — esperando 1 minuto y reintentando...
2026-04-17 03:44:43 [+] Total: 838 dias | Pendientes: 654
2026-04-17 03:44:50   [185/838] 2024-07-03  14 tweets
2026-04-17 03:45:04   [186/838] 2024-07-04  16 tweets
2026-04-17 03:45:48   [187/838] 2024-07-05  6 tweets
2026-04-17 03:46:16   [188/838] 2024-07-06  10 tweets
2026-04-17 03:46:36   [189/838] 2024-07-07  4 tweets
2026-04-17 03:46:59   [190/838] 2024-07-08  10 tweets
2026-04-17 03:47:43   [191/838] 2024-07-09  22 tweets
2026-04-17 03:48:28   [192/838] 2024-07-10  20 tweets
2026-04-17 03:48:55   [193/838] 2024-07-11  8 tweets
2026-04-17 03:49:07   [194/838] 2024-07-12  18 tweets
2026-04-17 03:49:32   [195/838] 2024-07-13  10 tweets
2026-04-17 03:50:04   [196/838] 2024-07-14  10 tweets
2026-04-17 03:50:21   [197/838] 2024-07-15  10 tweets
2026-04-17 03:51:11   [198/838] 2024-07-16  14 tweets
2026-04-17 03:51:45   [199/838] 2024-07-17  26 tweets
2026-04-17 03:52:12   [200/838] 2024-07-18  8 tweets
2026-04-17 03:52:26   [201/838] 2024-07-19  28 tweets
2026-04-17 03:53:00   [202/838] 2024-07-20  8 tweets
2026-04-17 03:53:30   [203/838] 2024-07-21  6 tweets
2026-04-17 03:54:05   [204/838] 2024-07-22  18 tweets
2026-04-17 03:54:55   [205/838] 2024-07-23  12 tweets
2026-04-17 03:55:24   [206/838] 2024-07-24  4 tweets
2026-04-17 03:55:48   [207/838] 2024-07-25  2 tweets
2026-04-17 03:56:36   [208/838] 2024-07-26  4 tweets
2026-04-17 03:57:02   [209/838] 2024-07-27  5 tweets RATE_LIMIT?
2026-04-17 03:57:26   [210/838] 2024-07-28  0 tweets RATE_LIMIT?
2026-04-17 03:57:32   [probe] 0 tweets — RATE LIMIT CONFIRMADO
2026-04-17 03:57:32 [!] Revertidos y CSVs eliminados: ['2024-07-27', '2024-07-28']
2026-04-17 03:57:32 [!] Rate limit confirmado — esperando 1 minuto y reintentando...
2026-04-17 03:58:32 [+] Total: 838 dias | Pendientes: 630
2026-04-17 03:58:38   [209/838] 2024-07-27  0 tweets RATE_LIMIT?
2026-04-17 03:58:45   [probe] 0 tweets — RATE LIMIT CONFIRMADO
2026-04-17 03:58:45 [!] Revertidos y CSVs eliminados: ['2024-07-27']
2026-04-17 03:58:45 [!] Rate limit confirmado — esperando 1 minuto y reintentando...
2026-04-17 03:59:45 [+] Total: 838 dias | Pendientes: 630
2026-04-17 03:59:52   [209/838] 2024-07-27  10 tweets
2026-04-17 04:00:35   [210/838] 2024-07-28  14 tweets
2026-04-17 04:00:54   [211/838] 2024-07-29  10 tweets
2026-04-17 04:01:09   [212/838] 2024-07-30  10 tweets
2026-04-17 04:01:28   [213/838] 2024-07-31  40 tweets
2026-04-17 04:02:08   [214/838] 2024-08-01  40 tweets
2026-04-17 04:02:26   [215/838] 2024-08-02  40 tweets
2026-04-17 04:03:06   [216/838] 2024-08-03  10 tweets
2026-04-17 04:03:19   [217/838] 2024-08-04  24 tweets
2026-04-17 04:04:00   [218/838] 2024-08-05  18 tweets
2026-04-17 04:04:25   [219/838] 2024-08-06  22 tweets
2026-04-17 04:04:44   [220/838] 2024-08-07  15 tweets
2026-04-17 04:05:33   [221/838] 2024-08-08  0 tweets
2026-04-17 04:05:54   [222/838] 2024-08-09  22 tweets
2026-04-17 04:06:26   [223/838] 2024-08-10  12 tweets
2026-04-17 04:06:44   [224/838] 2024-08-11  12 tweets
2026-04-17 04:07:33   [225/838] 2024-08-12  14 tweets
2026-04-17 04:08:10   [226/838] 2024-08-13  14 tweets
2026-04-17 04:08:40   [227/838] 2024-08-14  16 tweets
2026-04-17 04:09:11   [228/838] 2024-08-15  6 tweets
2026-04-17 04:09:49   [229/838] 2024-08-16  8 tweets
2026-04-17 04:10:20   [230/838] 2024-08-17  8 tweets
2026-04-17 04:11:01   [231/838] 2024-08-18  16 tweets
2026-04-17 04:11:16   [232/838] 2024-08-19  10 tweets
2026-04-17 04:11:35   [233/838] 2024-08-20  2 tweets
2026-04-17 04:12:13   [234/838] 2024-08-21  0 tweets RATE_LIMIT?
2026-04-17 04:12:19   [probe] 0 tweets — RATE LIMIT CONFIRMADO
2026-04-17 04:12:19 [!] Revertidos y CSVs eliminados: ['2024-08-20', '2024-08-21']
2026-04-17 04:12:19 [!] Rate limit confirmado — esperando 1 minuto y reintentando...
2026-04-17 04:13:19 [+] Total: 838 dias | Pendientes: 606
2026-04-17 04:13:25   [233/838] 2024-08-20  0 tweets RATE_LIMIT?
2026-04-17 04:13:32   [probe] 0 tweets — RATE LIMIT CONFIRMADO
2026-04-17 04:13:32 [!] Revertidos y CSVs eliminados: ['2024-08-20']
2026-04-17 04:13:32 [!] Rate limit confirmado — esperando 1 minuto y reintentando...
2026-04-17 04:14:32 [+] Total: 838 dias | Pendientes: 606
2026-04-17 04:14:38   [233/838] 2024-08-20  0 tweets RATE_LIMIT?
2026-04-17 04:14:45   [probe] 0 tweets — RATE LIMIT CONFIRMADO
2026-04-17 04:14:45 [!] Revertidos y CSVs eliminados: ['2024-08-20']
2026-04-17 04:14:45 [!] Rate limit confirmado — esperando 1 minuto y reintentando...
2026-04-17 04:15:45 [+] Total: 838 dias | Pendientes: 606
2026-04-17 04:15:51   [233/838] 2024-08-20  2 tweets
2026-04-17 04:16:12   [234/838] 2024-08-21  6 tweets
2026-04-17 04:16:43   [235/838] 2024-08-22  10 tweets
2026-04-17 04:16:56   [236/838] 2024-08-23  18 tweets
2026-04-17 04:17:09   [237/838] 2024-08-24  8 tweets
2026-04-17 04:17:45   [238/838] 2024-08-25  8 tweets
2026-04-17 04:18:11   [239/838] 2024-08-26  14 tweets
2026-04-17 04:18:51   [240/838] 2024-08-27  20 tweets
2026-04-17 04:19:21   [241/838] 2024-08-28  10 tweets
2026-04-17 04:19:41   [242/838] 2024-08-29  14 tweets
2026-04-17 04:20:24   [243/838] 2024-08-30  10 tweets
2026-04-17 04:21:07   [244/838] 2024-08-31  10 tweets
2026-04-17 04:21:49   [245/838] 2024-09-01  12 tweets
2026-04-17 04:22:18   [246/838] 2024-09-02  12 tweets
2026-04-17 04:22:58   [247/838] 2024-09-03  14 tweets
2026-04-17 04:23:37   [248/838] 2024-09-04  16 tweets
2026-04-17 04:24:14   [249/838] 2024-09-05  12 tweets
2026-04-17 04:24:34   [250/838] 2024-09-06  10 tweets
2026-04-17 04:24:45   [251/838] 2024-09-07  18 tweets
2026-04-17 04:25:14   [252/838] 2024-09-08  2 tweets
2026-04-17 04:25:39   [253/838] 2024-09-09  8 tweets
2026-04-17 04:25:54   [254/838] 2024-09-10  10 tweets
2026-04-17 04:26:38   [255/838] 2024-09-11  6 tweets
2026-04-17 04:27:21   [256/838] 2024-09-12  4 tweets
2026-04-17 04:28:01   [257/838] 2024-09-13  18 tweets
2026-04-17 04:28:52   [258/838] 2024-09-14  0 tweets RATE_LIMIT?
2026-04-17 04:28:58   [probe] 0 tweets — RATE LIMIT CONFIRMADO
2026-04-17 04:28:58 [!] Revertidos y CSVs eliminados: ['2024-09-13', '2024-09-14']
2026-04-17 04:28:58 [!] Rate limit confirmado — esperando 1 minuto y reintentando...
2026-04-17 04:29:58 [+] Total: 838 dias | Pendientes: 582
2026-04-17 04:30:05   [257/838] 2024-09-13  0 tweets RATE_LIMIT?
2026-04-17 04:30:11   [probe] 0 tweets — RATE LIMIT CONFIRMADO
2026-04-17 04:30:11 [!] Revertidos y CSVs eliminados: ['2024-09-13']
2026-04-17 04:30:11 [!] Rate limit confirmado — esperando 1 minuto y reintentando...
2026-04-17 04:31:11 [+] Total: 838 dias | Pendientes: 582
2026-04-17 04:31:18   [257/838] 2024-09-13  18 tweets
2026-04-17 04:31:39   [258/838] 2024-09-14  20 tweets
2026-04-17 04:32:24   [259/838] 2024-09-15  6 tweets
2026-04-17 04:32:52   [260/838] 2024-09-16  18 tweets
2026-04-17 04:33:15   [261/838] 2024-09-17  2 tweets
2026-04-17 04:33:38   [262/838] 2024-09-18  2 tweets
2026-04-17 04:34:24   [263/838] 2024-09-19  14 tweets
2026-04-17 04:34:41   [264/838] 2024-09-20  4 tweets
2026-04-17 04:35:31   [265/838] 2024-09-21  10 tweets
2026-04-17 04:36:06   [266/838] 2024-09-22  6 tweets
2026-04-17 04:36:55   [267/838] 2024-09-23  8 tweets
2026-04-17 04:37:38   [268/838] 2024-09-24  4 tweets
2026-04-17 04:38:05   [269/838] 2024-09-25  10 tweets
2026-04-17 04:38:55   [270/838] 2024-09-26  4 tweets
2026-04-17 04:39:15   [271/838] 2024-09-27  6 tweets
2026-04-17 04:40:05   [272/838] 2024-09-28  4 tweets
2026-04-17 04:40:42   [273/838] 2024-09-29  10 tweets
2026-04-17 04:40:55   [274/838] 2024-09-30  10 tweets
2026-04-17 04:41:44   [275/838] 2024-10-01  0 tweets
2026-04-17 04:42:25   [276/838] 2024-10-02  2 tweets
2026-04-17 04:42:48   [277/838] 2024-10-03  10 tweets
2026-04-17 04:43:27   [278/838] 2024-10-04  8 tweets
2026-04-17 04:44:08   [279/838] 2024-10-05  12 tweets
2026-04-17 04:44:33   [280/838] 2024-10-06  8 tweets
2026-04-17 04:45:05   [281/838] 2024-10-07  10 tweets
2026-04-17 04:45:21   [282/838] 2024-10-08  2 tweets RATE_LIMIT?
2026-04-17 04:45:58   [283/838] 2024-10-09  0 tweets RATE_LIMIT?
2026-04-17 04:46:04   [probe] 0 tweets — RATE LIMIT CONFIRMADO
2026-04-17 04:46:04 [!] Revertidos y CSVs eliminados: ['2024-10-08', '2024-10-09']
2026-04-17 04:46:04 [!] Rate limit confirmado — esperando 1 minuto y reintentando...
2026-04-17 04:47:04 [+] Total: 838 dias | Pendientes: 557
2026-04-17 04:47:11   [282/838] 2024-10-08  4 tweets
2026-04-17 04:47:49   [283/838] 2024-10-09  4 tweets
2026-04-17 04:48:30   [284/838] 2024-10-10  2 tweets
2026-04-17 04:48:48   [285/838] 2024-10-11  6 tweets
2026-04-17 04:49:17   [286/838] 2024-10-12  10 tweets
2026-04-17 04:49:55   [287/838] 2024-10-13  14 tweets
2026-04-17 04:50:34   [288/838] 2024-10-14  4 tweets
2026-04-17 04:51:22   [289/838] 2024-10-15  6 tweets
2026-04-17 04:51:36   [290/838] 2024-10-16  12 tweets
2026-04-17 04:52:08   [291/838] 2024-10-17  2 tweets
2026-04-17 04:52:40   [292/838] 2024-10-18  0 tweets
2026-04-17 04:53:05   [293/838] 2024-10-19  12 tweets
2026-04-17 04:53:51   [294/838] 2024-10-20  14 tweets
2026-04-17 04:54:05   [295/838] 2024-10-21  6 tweets
2026-04-17 04:54:16   [296/838] 2024-10-22  2 tweets
2026-04-17 04:54:56   [297/838] 2024-10-23  4 tweets
2026-04-17 04:55:45   [298/838] 2024-10-24  10 tweets
2026-04-17 04:56:36   [299/838] 2024-10-25  2 tweets
2026-04-17 04:57:04   [300/838] 2024-10-26  10 tweets
2026-04-17 04:57:31   [301/838] 2024-10-27  2 tweets
2026-04-17 04:57:59   [302/838] 2024-10-28  4 tweets
2026-04-17 04:58:43   [303/838] 2024-10-29  6 tweets
2026-04-17 04:58:57   [304/838] 2024-10-30  6 tweets
2026-04-17 04:59:21   [305/838] 2024-10-31  6 tweets
2026-04-17 04:59:57   [306/838] 2024-11-01  10 tweets
2026-04-17 05:00:20   [307/838] 2024-11-02  8 tweets RATE_LIMIT?
2026-04-17 05:01:09   [308/838] 2024-11-03  0 tweets RATE_LIMIT?
2026-04-17 05:01:15   [probe] 0 tweets — RATE LIMIT CONFIRMADO
2026-04-17 05:01:15 [!] Revertidos y CSVs eliminados: ['2024-11-02', '2024-11-03']
2026-04-17 05:01:15 [!] Rate limit confirmado — esperando 1 minuto y reintentando...
2026-04-17 05:02:15 [+] Total: 838 dias | Pendientes: 532
2026-04-17 05:02:21   [307/838] 2024-11-02  16 tweets
2026-04-17 05:03:02   [308/838] 2024-11-03  6 tweets
2026-04-17 05:03:35   [309/838] 2024-11-04  10 tweets
2026-04-17 05:04:10   [310/838] 2024-11-05  10 tweets
2026-04-17 05:04:53   [311/838] 2024-11-06  10 tweets
2026-04-17 05:05:09   [312/838] 2024-11-07  4 tweets
2026-04-17 05:05:26   [313/838] 2024-11-08  6 tweets
2026-04-17 05:06:17   [314/838] 2024-11-09  12 tweets
2026-04-17 05:06:58   [315/838] 2024-11-10  6 tweets
2026-04-17 05:07:38   [316/838] 2024-11-11  4 tweets
2026-04-17 05:08:18   [317/838] 2024-11-12  24 tweets
2026-04-17 05:08:33   [318/838] 2024-11-13  8 tweets
2026-04-17 05:08:44   [319/838] 2024-11-14  6 tweets
2026-04-17 05:09:26   [320/838] 2024-11-15  10 tweets
2026-04-17 05:10:12   [321/838] 2024-11-16  20 tweets
2026-04-17 05:10:51   [322/838] 2024-11-17  4 tweets
2026-04-17 05:11:31   [323/838] 2024-11-18  6 tweets
2026-04-17 05:12:10   [324/838] 2024-11-19  6 tweets
2026-04-17 05:12:53   [325/838] 2024-11-20  0 tweets
2026-04-17 05:13:09   [326/838] 2024-11-21  6 tweets
2026-04-17 05:13:49   [327/838] 2024-11-22  10 tweets
2026-04-17 05:14:18   [328/838] 2024-11-23  8 tweets
2026-04-17 05:14:35   [329/838] 2024-11-24  10 tweets
2026-04-17 05:15:03   [330/838] 2024-11-25  18 tweets
2026-04-17 05:15:15   [331/838] 2024-11-26  16 tweets
2026-04-17 05:15:53   [332/838] 2024-11-27  4 tweets RATE_LIMIT?
2026-04-17 05:16:37   [333/838] 2024-11-28  0 tweets RATE_LIMIT?
2026-04-17 05:16:43   [probe] 0 tweets — RATE LIMIT CONFIRMADO
2026-04-17 05:16:43 [!] Revertidos y CSVs eliminados: ['2024-11-27', '2024-11-28']
2026-04-17 05:16:43 [!] Rate limit confirmado — esperando 1 minuto y reintentando...
2026-04-17 05:17:43 [+] Total: 838 dias | Pendientes: 507
2026-04-17 05:17:50   [332/838] 2024-11-27  8 tweets
2026-04-17 05:18:33   [333/838] 2024-11-28  12 tweets
2026-04-17 05:19:06   [334/838] 2024-11-29  10 tweets
2026-04-17 05:19:24   [335/838] 2024-11-30  12 tweets
2026-04-17 05:20:06   [336/838] 2024-12-01  8 tweets
2026-04-17 05:20:18   [337/838] 2024-12-02  24 tweets
2026-04-17 05:20:39   [338/838] 2024-12-03  12 tweets
2026-04-17 05:21:25   [339/838] 2024-12-04  4 tweets
2026-04-17 05:21:44   [340/838] 2024-12-05  6 tweets
2026-04-17 05:22:30   [341/838] 2024-12-06  8 tweets
2026-04-17 05:22:58   [342/838] 2024-12-07  8 tweets
2026-04-17 05:23:18   [343/838] 2024-12-08  12 tweets
2026-04-17 05:23:51   [344/838] 2024-12-09  10 tweets
2026-04-17 05:24:21   [345/838] 2024-12-10  10 tweets
2026-04-17 05:24:56   [346/838] 2024-12-11  14 tweets
2026-04-17 05:25:28   [347/838] 2024-12-12  8 tweets
2026-04-17 05:26:05   [348/838] 2024-12-13  16 tweets
2026-04-17 05:26:41   [349/838] 2024-12-14  22 tweets
2026-04-17 05:27:11   [350/838] 2024-12-15  5 tweets
2026-04-17 05:27:47   [351/838] 2024-12-16  8 tweets
2026-04-17 05:28:17   [352/838] 2024-12-17  8 tweets
2026-04-17 05:28:57   [353/838] 2024-12-18  10 tweets
2026-04-17 05:29:31   [354/838] 2024-12-19  6 tweets
2026-04-17 05:29:54   [355/838] 2024-12-20  22 tweets
2026-04-17 05:30:33   [356/838] 2024-12-21  18 tweets
2026-04-17 05:30:52   [357/838] 2024-12-22  0 tweets RATE_LIMIT?
2026-04-17 05:30:58   [probe] 0 tweets — RATE LIMIT CONFIRMADO
2026-04-17 05:30:58 [!] Revertidos y CSVs eliminados: ['2024-12-21', '2024-12-22']
2026-04-17 05:30:58 [!] Rate limit confirmado — esperando 1 minuto y reintentando...
2026-04-17 05:31:58 [+] Total: 838 dias | Pendientes: 483
2026-04-17 05:32:04   [356/838] 2024-12-21  0 tweets RATE_LIMIT?
2026-04-17 05:32:11   [probe] 0 tweets — RATE LIMIT CONFIRMADO
2026-04-17 05:32:11 [!] Revertidos y CSVs eliminados: ['2024-12-21']
2026-04-17 05:32:11 [!] Rate limit confirmado — esperando 1 minuto y reintentando...
2026-04-17 05:33:11 [+] Total: 838 dias | Pendientes: 483
2026-04-17 05:33:18   [356/838] 2024-12-21  18 tweets
2026-04-17 05:33:33   [357/838] 2024-12-22  10 tweets
2026-04-17 05:34:13   [358/838] 2024-12-23  18 tweets
2026-04-17 05:34:30   [359/838] 2024-12-24  18 tweets
2026-04-17 05:35:05   [360/838] 2024-12-25  12 tweets
2026-04-17 05:35:42   [361/838] 2024-12-26  8 tweets
2026-04-17 05:36:08   [362/838] 2024-12-27  12 tweets
2026-04-17 05:36:23   [363/838] 2024-12-28  2 tweets
2026-04-17 05:36:57   [364/838] 2024-12-29  12 tweets
2026-04-17 05:37:36   [365/838] 2024-12-30  28 tweets
2026-04-17 05:38:06   [366/838] 2024-12-31  22 tweets
2026-04-17 05:38:30   [367/838] 2025-01-01  14 tweets
2026-04-17 05:39:01   [368/838] 2025-01-02  6 tweets
2026-04-17 05:39:25   [369/838] 2025-01-03  22 tweets
2026-04-17 05:39:57   [370/838] 2025-01-04  6 tweets
2026-04-17 05:40:19   [371/838] 2025-01-05  16 tweets
2026-04-17 05:40:58   [372/838] 2025-01-06  14 tweets
2026-04-17 05:41:29   [373/838] 2025-01-07  14 tweets
2026-04-17 05:41:48   [374/838] 2025-01-08  14 tweets
2026-04-17 05:42:32   [375/838] 2025-01-09  6 tweets
2026-04-17 05:43:17   [376/838] 2025-01-10  8 tweets
2026-04-17 05:44:08   [377/838] 2025-01-11  18 tweets
2026-04-17 05:44:41   [378/838] 2025-01-12  8 tweets
2026-04-17 05:44:59   [379/838] 2025-01-13  12 tweets
2026-04-17 05:45:23   [380/838] 2025-01-14  18 tweets
2026-04-17 05:45:56   [381/838] 2025-01-15  0 tweets RATE_LIMIT?
2026-04-17 05:46:02   [probe] 0 tweets — RATE LIMIT CONFIRMADO
2026-04-17 05:46:02 [!] Revertidos y CSVs eliminados: ['2025-01-14', '2025-01-15']
2026-04-17 05:46:02 [!] Rate limit confirmado — esperando 1 minuto y reintentando...
2026-04-17 05:47:02 [+] Total: 838 dias | Pendientes: 459
2026-04-17 05:47:08   [380/838] 2025-01-14  0 tweets RATE_LIMIT?
2026-04-17 05:47:15   [probe] 0 tweets — RATE LIMIT CONFIRMADO
2026-04-17 05:47:15 [!] Revertidos y CSVs eliminados: ['2025-01-14']
2026-04-17 05:47:15 [!] Rate limit confirmado — esperando 1 minuto y reintentando...
2026-04-17 05:48:15 [+] Total: 838 dias | Pendientes: 459
2026-04-17 05:48:21   [380/838] 2025-01-14  18 tweets
2026-04-17 05:48:49   [381/838] 2025-01-15  8 tweets
2026-04-17 05:49:12   [382/838] 2025-01-16  10 tweets
2026-04-17 05:49:39   [383/838] 2025-01-17  10 tweets
2026-04-17 05:50:17   [384/838] 2025-01-18  16 tweets
2026-04-17 05:50:44   [385/838] 2025-01-19  6 tweets
2026-04-17 05:51:34   [386/838] 2025-01-20  14 tweets
2026-04-17 05:51:55   [387/838] 2025-01-21  18 tweets
2026-04-17 05:52:17   [388/838] 2025-01-22  8 tweets
2026-04-17 05:53:07   [389/838] 2025-01-23  4 tweets
2026-04-17 05:53:26   [390/838] 2025-01-24  6 tweets
2026-04-17 05:54:05   [391/838] 2025-01-25  20 tweets
2026-04-17 05:54:31   [392/838] 2025-01-26  8 tweets
2026-04-17 05:54:58   [393/838] 2025-01-27  6 tweets
2026-04-17 05:55:43   [394/838] 2025-01-28  14 tweets
2026-04-17 05:56:08   [395/838] 2025-01-29  8 tweets
2026-04-17 05:56:23   [396/838] 2025-01-30  8 tweets
2026-04-17 05:56:49   [397/838] 2025-01-31  4 tweets
2026-04-17 05:57:36   [398/838] 2025-02-01  14 tweets
2026-04-17 05:58:20   [399/838] 2025-02-02  20 tweets
2026-04-17 05:58:50   [400/838] 2025-02-03  10 tweets
2026-04-17 05:59:25   [401/838] 2025-02-04  8 tweets
2026-04-17 05:59:45   [402/838] 2025-02-05  22 tweets
2026-04-17 06:00:12   [403/838] 2025-02-06  2 tweets
2026-04-17 06:00:29   [404/838] 2025-02-07  18 tweets
2026-04-17 06:00:54   [405/838] 2025-02-08  0 tweets RATE_LIMIT?
2026-04-17 06:01:00   [probe] 0 tweets — RATE LIMIT CONFIRMADO
2026-04-17 06:01:00 [!] Revertidos y CSVs eliminados: ['2025-02-07', '2025-02-08']
2026-04-17 06:01:00 [!] Rate limit confirmado — esperando 1 minuto y reintentando...
2026-04-17 06:02:01 [+] Total: 838 dias | Pendientes: 435
2026-04-17 06:02:07   [404/838] 2025-02-07  0 tweets RATE_LIMIT?
2026-04-17 06:02:14   [probe] 0 tweets — RATE LIMIT CONFIRMADO
2026-04-17 06:02:14 [!] Revertidos y CSVs eliminados: ['2025-02-07']
2026-04-17 06:02:14 [!] Rate limit confirmado — esperando 1 minuto y reintentando...
2026-04-17 06:03:14 [+] Total: 838 dias | Pendientes: 435
2026-04-17 06:03:20   [404/838] 2025-02-07  0 tweets RATE_LIMIT?
2026-04-17 06:03:27   [probe] 30 tweets — mes vacio normal
2026-04-17 06:04:13   [405/838] 2025-02-08  18 tweets
2026-04-17 06:04:44   [406/838] 2025-02-09  38 tweets
2026-04-17 06:05:22   [407/838] 2025-02-10  2 tweets
2026-04-17 06:06:03   [408/838] 2025-02-11  6 tweets
2026-04-17 06:06:46   [409/838] 2025-02-12  6 tweets
2026-04-17 06:07:25   [410/838] 2025-02-13  8 tweets
2026-04-17 06:08:15   [411/838] 2025-02-14  24 tweets
2026-04-17 06:08:52   [412/838] 2025-02-15  14 tweets
2026-04-17 06:09:40   [413/838] 2025-02-16  12 tweets
2026-04-17 06:10:23   [414/838] 2025-02-17  6 tweets
2026-04-17 06:11:05   [415/838] 2025-02-18  10 tweets
2026-04-17 06:11:41   [416/838] 2025-02-19  6 tweets
2026-04-17 06:12:26   [417/838] 2025-02-20  6 tweets
2026-04-17 06:12:59   [418/838] 2025-02-21  4 tweets
2026-04-17 06:13:36   [419/838] 2025-02-22  8 tweets
2026-04-17 06:14:12   [420/838] 2025-02-23  4 tweets
2026-04-17 06:14:35   [421/838] 2025-02-24  15 tweets
2026-04-17 06:15:00   [422/838] 2025-02-25  18 tweets
2026-04-17 06:15:39   [423/838] 2025-02-26  12 tweets
2026-04-17 06:15:59   [424/838] 2025-02-27  28 tweets
2026-04-17 06:16:15   [425/838] 2025-02-28  22 tweets
2026-04-17 06:17:03   [426/838] 2025-03-01  8 tweets
2026-04-17 06:17:34   [427/838] 2025-03-02  12 tweets
2026-04-17 06:18:22   [428/838] 2025-03-03  4 tweets RATE_LIMIT?
2026-04-17 06:19:08   [429/838] 2025-03-04  14 tweets
2026-04-17 06:19:32   [430/838] 2025-03-05  10 tweets
2026-04-17 06:19:44   [431/838] 2025-03-06  18 tweets
2026-04-17 06:20:06   [432/838] 2025-03-07  12 tweets
2026-04-17 06:20:38   [433/838] 2025-03-08  8 tweets
2026-04-17 06:21:06   [434/838] 2025-03-09  12 tweets
2026-04-17 06:21:51   [435/838] 2025-03-10  26 tweets
2026-04-17 06:22:14   [436/838] 2025-03-11  18 tweets
2026-04-17 06:22:54   [437/838] 2025-03-12  14 tweets
2026-04-17 06:23:06   [438/838] 2025-03-13  8 tweets
2026-04-17 06:23:27   [439/838] 2025-03-14  16 tweets
2026-04-17 06:24:17   [440/838] 2025-03-15  6 tweets
2026-04-17 06:24:51   [441/838] 2025-03-16  16 tweets
2026-04-17 06:25:27   [442/838] 2025-03-17  14 tweets
2026-04-17 06:26:12   [443/838] 2025-03-18  24 tweets
2026-04-17 06:26:24   [444/838] 2025-03-19  16 tweets
2026-04-17 06:27:08   [445/838] 2025-03-20  12 tweets
2026-04-17 06:27:20   [446/838] 2025-03-21  8 tweets
2026-04-17 06:28:05   [447/838] 2025-03-22  14 tweets
2026-04-17 06:28:43   [448/838] 2025-03-23  20 tweets
2026-04-17 06:29:11   [449/838] 2025-03-24  32 tweets
2026-04-17 06:30:02   [450/838] 2025-03-25  20 tweets
2026-04-17 06:30:25   [451/838] 2025-03-26  20 tweets
2026-04-17 06:30:39   [452/838] 2025-03-27  12 tweets
2026-04-17 06:31:10   [453/838] 2025-03-28  10 tweets
2026-04-17 06:31:41   [454/838] 2025-03-29  0 tweets RATE_LIMIT?
2026-04-17 06:31:47   [probe] 0 tweets — RATE LIMIT CONFIRMADO
2026-04-17 06:31:47 [!] Revertidos y CSVs eliminados: ['2025-03-28', '2025-03-29']
2026-04-17 06:31:47 [!] Rate limit confirmado — esperando 1 minuto y reintentando...
2026-04-17 06:32:47 [+] Total: 838 dias | Pendientes: 386
2026-04-17 06:32:54   [453/838] 2025-03-28  0 tweets RATE_LIMIT?
2026-04-17 06:33:00   [probe] 0 tweets — RATE LIMIT CONFIRMADO
2026-04-17 06:33:00 [!] Revertidos y CSVs eliminados: ['2025-03-28']
2026-04-17 06:33:00 [!] Rate limit confirmado — esperando 1 minuto y reintentando...
2026-04-17 06:34:00 [+] Total: 838 dias | Pendientes: 386
2026-04-17 06:34:07   [453/838] 2025-03-28  0 tweets RATE_LIMIT?
2026-04-17 06:34:13   [probe] 30 tweets — mes vacio normal
2026-04-17 06:34:32   [454/838] 2025-03-29  12 tweets
2026-04-17 06:35:15   [455/838] 2025-03-30  12 tweets
2026-04-17 06:35:55   [456/838] 2025-03-31  6 tweets
2026-04-17 06:36:13   [457/838] 2025-04-01  4 tweets
2026-04-17 06:36:48   [458/838] 2025-04-02  6 tweets
2026-04-17 06:37:00   [459/838] 2025-04-03  10 tweets
2026-04-17 06:37:51   [460/838] 2025-04-04  2 tweets
2026-04-17 06:38:15   [461/838] 2025-04-05  14 tweets
2026-04-17 06:39:03   [462/838] 2025-04-06  16 tweets
2026-04-17 06:39:25   [463/838] 2025-04-07  14 tweets
2026-04-17 06:39:39   [464/838] 2025-04-08  6 tweets
2026-04-17 06:40:00   [465/838] 2025-04-09  12 tweets
2026-04-17 06:40:35   [466/838] 2025-04-10  4 tweets
2026-04-17 06:40:54   [467/838] 2025-04-11  12 tweets
2026-04-17 06:41:44   [468/838] 2025-04-12  8 tweets
2026-04-17 06:42:22   [469/838] 2025-04-13  6 tweets
2026-04-17 06:42:54   [470/838] 2025-04-14  8 tweets
2026-04-17 06:43:36   [471/838] 2025-04-15  2 tweets
2026-04-17 06:44:25   [472/838] 2025-04-16  14 tweets
2026-04-17 06:45:04   [473/838] 2025-04-17  6 tweets
2026-04-17 06:45:41   [474/838] 2025-04-18  14 tweets
2026-04-17 06:46:26   [475/838] 2025-04-19  2 tweets
2026-04-17 06:46:56   [476/838] 2025-04-20  6 tweets
2026-04-17 06:47:39   [477/838] 2025-04-21  10 tweets
2026-04-17 06:48:19   [478/838] 2025-04-22  0 tweets RATE_LIMIT?
2026-04-17 06:48:25   [probe] 0 tweets — RATE LIMIT CONFIRMADO
2026-04-17 06:48:25 [!] Revertidos y CSVs eliminados: ['2025-04-21', '2025-04-22']
2026-04-17 06:48:25 [!] Rate limit confirmado — esperando 1 minuto y reintentando...
2026-04-17 06:49:25 [+] Total: 838 dias | Pendientes: 362
2026-04-17 06:49:31   [477/838] 2025-04-21  10 tweets
2026-04-17 06:49:59   [478/838] 2025-04-22  10 tweets
2026-04-17 06:50:44   [479/838] 2025-04-23  8 tweets
2026-04-17 06:51:29   [480/838] 2025-04-24  4 tweets
2026-04-17 06:51:41   [481/838] 2025-04-25  24 tweets
2026-04-17 06:52:29   [482/838] 2025-04-26  12 tweets
2026-04-17 06:53:08   [483/838] 2025-04-27  12 tweets
2026-04-17 06:53:21   [484/838] 2025-04-28  6 tweets
2026-04-17 06:53:59   [485/838] 2025-04-29  4 tweets
2026-04-17 06:54:49   [486/838] 2025-04-30  8 tweets
2026-04-17 06:55:12   [487/838] 2025-05-01  12 tweets
2026-04-17 06:55:36   [488/838] 2025-05-02  6 tweets
2026-04-17 06:55:48   [489/838] 2025-05-03  10 tweets
2026-04-17 06:56:33   [490/838] 2025-05-04  12 tweets
2026-04-17 06:56:52   [491/838] 2025-05-05  10 tweets
2026-04-17 06:57:32   [492/838] 2025-05-06  10 tweets
2026-04-17 06:57:50   [493/838] 2025-05-07  4 tweets
2026-04-17 06:58:26   [494/838] 2025-05-08  18 tweets
2026-04-17 06:58:43   [495/838] 2025-05-09  18 tweets
2026-04-17 06:59:32   [496/838] 2025-05-10  4 tweets
2026-04-17 06:59:53   [497/838] 2025-05-11  12 tweets
2026-04-17 07:00:17   [498/838] 2025-05-12  10 tweets
2026-04-17 07:00:57   [499/838] 2025-05-13  12 tweets
2026-04-17 07:01:39   [500/838] 2025-05-14  12 tweets
2026-04-17 07:02:02   [501/838] 2025-05-15  2 tweets
2026-04-17 07:02:50   [502/838] 2025-05-16  0 tweets RATE_LIMIT?
2026-04-17 07:02:56   [probe] 0 tweets — RATE LIMIT CONFIRMADO
2026-04-17 07:02:56 [!] Revertidos y CSVs eliminados: ['2025-05-15', '2025-05-16']
2026-04-17 07:02:56 [!] Rate limit confirmado — esperando 1 minuto y reintentando...
2026-04-17 07:03:56 [+] Total: 838 dias | Pendientes: 338
2026-04-17 07:04:03   [501/838] 2025-05-15  0 tweets RATE_LIMIT?
2026-04-17 07:04:09   [probe] 0 tweets — RATE LIMIT CONFIRMADO
2026-04-17 07:04:09 [!] Revertidos y CSVs eliminados: ['2025-05-15']
2026-04-17 07:04:09 [!] Rate limit confirmado — esperando 1 minuto y reintentando...
2026-04-17 07:05:09 [+] Total: 838 dias | Pendientes: 338
2026-04-17 07:05:16   [501/838] 2025-05-15  2 tweets
2026-04-17 07:05:28   [502/838] 2025-05-16  4 tweets
2026-04-17 07:06:08   [503/838] 2025-05-17  12 tweets
2026-04-17 07:06:30   [504/838] 2025-05-18  10 tweets
2026-04-17 07:07:05   [505/838] 2025-05-19  8 tweets
2026-04-17 07:07:53   [506/838] 2025-05-20  8 tweets
2026-04-17 07:08:12   [507/838] 2025-05-21  6 tweets
2026-04-17 07:09:02   [508/838] 2025-05-22  12 tweets
2026-04-17 07:09:45   [509/838] 2025-05-23  10 tweets
2026-04-17 07:09:59   [510/838] 2025-05-24  2 tweets
2026-04-17 07:10:26   [511/838] 2025-05-25  4 tweets
2026-04-17 07:10:40   [512/838] 2025-05-26  20 tweets
2026-04-17 07:10:58   [513/838] 2025-05-27  14 tweets
2026-04-17 07:11:15   [514/838] 2025-05-28  8 tweets
2026-04-17 07:11:40   [515/838] 2025-05-29  12 tweets
2026-04-17 07:12:10   [516/838] 2025-05-30  8 tweets
2026-04-17 07:12:27   [517/838] 2025-05-31  18 tweets
2026-04-17 07:12:38   [518/838] 2025-06-01  10 tweets
2026-04-17 07:13:03   [519/838] 2025-06-02  4 tweets
2026-04-17 07:13:32   [520/838] 2025-06-03  10 tweets
2026-04-17 07:14:08   [521/838] 2025-06-04  8 tweets
2026-04-17 07:14:51   [522/838] 2025-06-05  4 tweets
2026-04-17 07:15:08   [523/838] 2025-06-06  10 tweets
2026-04-17 07:15:40   [524/838] 2025-06-07  2 tweets
2026-04-17 07:16:10   [525/838] 2025-06-08  14 tweets
2026-04-17 07:16:46   [526/838] 2025-06-09  0 tweets RATE_LIMIT?
2026-04-17 07:16:52   [probe] 0 tweets — RATE LIMIT CONFIRMADO
2026-04-17 07:16:52 [!] Revertidos y CSVs eliminados: ['2025-06-08', '2025-06-09']
2026-04-17 07:16:52 [!] Rate limit confirmado — esperando 1 minuto y reintentando...
2026-04-17 07:17:52 [+] Total: 838 dias | Pendientes: 314
2026-04-17 07:17:59   [525/838] 2025-06-08  0 tweets RATE_LIMIT?
2026-04-17 07:18:05   [probe] 0 tweets — RATE LIMIT CONFIRMADO
2026-04-17 07:18:05 [!] Revertidos y CSVs eliminados: ['2025-06-08']
2026-04-17 07:18:05 [!] Rate limit confirmado — esperando 1 minuto y reintentando...
2026-04-17 07:19:05 [+] Total: 838 dias | Pendientes: 314
2026-04-17 07:19:12   [525/838] 2025-06-08  0 tweets RATE_LIMIT?
2026-04-17 07:19:18   [probe] 0 tweets — RATE LIMIT CONFIRMADO
2026-04-17 07:19:18 [!] Revertidos y CSVs eliminados: ['2025-06-08']
2026-04-17 07:19:18 [!] Rate limit confirmado — esperando 1 minuto y reintentando...
2026-04-17 07:20:18 [+] Total: 838 dias | Pendientes: 314
2026-04-17 07:20:25   [525/838] 2025-06-08  14 tweets
2026-04-17 07:20:53   [526/838] 2025-06-09  14 tweets
2026-04-17 07:21:17   [527/838] 2025-06-10  14 tweets
2026-04-17 07:21:46   [528/838] 2025-06-11  12 tweets
2026-04-17 07:21:58   [529/838] 2025-06-12  26 tweets
2026-04-17 07:22:42   [530/838] 2025-06-13  8 tweets
2026-04-17 07:23:29   [531/838] 2025-06-14  32 tweets
2026-04-17 07:23:48   [532/838] 2025-06-15  40 tweets
2026-04-17 07:24:31   [533/838] 2025-06-16  14 tweets
2026-04-17 07:24:46   [534/838] 2025-06-17  16 tweets
2026-04-17 07:25:31   [535/838] 2025-06-18  8 tweets
2026-04-17 07:26:06   [536/838] 2025-06-19  20 tweets
2026-04-17 07:26:21   [537/838] 2025-06-20  16 tweets
2026-04-17 07:26:34   [538/838] 2025-06-21  12 tweets
2026-04-17 07:27:23   [539/838] 2025-06-22  8 tweets
2026-04-17 07:27:36   [540/838] 2025-06-23  16 tweets
2026-04-17 07:28:08   [541/838] 2025-06-24  6 tweets
2026-04-17 07:28:30   [542/838] 2025-06-25  12 tweets
2026-04-17 07:29:01   [543/838] 2025-06-26  14 tweets
2026-04-17 07:29:27   [544/838] 2025-06-27  10 tweets
2026-04-17 07:30:08   [545/838] 2025-06-28  4 tweets
2026-04-17 07:30:25   [546/838] 2025-06-29  12 tweets
2026-04-17 07:31:15   [547/838] 2025-06-30  10 tweets
2026-04-17 07:31:38   [548/838] 2025-07-01  12 tweets
2026-04-17 07:31:57   [549/838] 2025-07-02  12 tweets
2026-04-17 07:32:31   [550/838] 2025-07-03  0 tweets RATE_LIMIT?
2026-04-17 07:32:37   [probe] 0 tweets — RATE LIMIT CONFIRMADO
2026-04-17 07:32:37 [!] Revertidos y CSVs eliminados: ['2025-07-02', '2025-07-03']
2026-04-17 07:32:37 [!] Rate limit confirmado — esperando 1 minuto y reintentando...
2026-04-17 07:33:37 [+] Total: 838 dias | Pendientes: 290
2026-04-17 07:33:43   [549/838] 2025-07-02  0 tweets RATE_LIMIT?
2026-04-17 07:33:50   [probe] 0 tweets — RATE LIMIT CONFIRMADO
2026-04-17 07:33:50 [!] Revertidos y CSVs eliminados: ['2025-07-02']
2026-04-17 07:33:50 [!] Rate limit confirmado — esperando 1 minuto y reintentando...
2026-04-17 07:34:50 [+] Total: 838 dias | Pendientes: 290
2026-04-17 07:34:56   [549/838] 2025-07-02  0 tweets RATE_LIMIT?
2026-04-17 07:35:03   [probe] 0 tweets — RATE LIMIT CONFIRMADO
2026-04-17 07:35:03 [!] Revertidos y CSVs eliminados: ['2025-07-02']
2026-04-17 07:35:03 [!] Rate limit confirmado — esperando 1 minuto y reintentando...
2026-04-17 07:36:03 [+] Total: 838 dias | Pendientes: 290
2026-04-17 07:36:09   [549/838] 2025-07-02  12 tweets
2026-04-17 07:36:53   [550/838] 2025-07-03  8 tweets
2026-04-17 07:37:17   [551/838] 2025-07-04  18 tweets
2026-04-17 07:37:57   [552/838] 2025-07-05  6 tweets
2026-04-17 07:38:39   [553/838] 2025-07-06  8 tweets
2026-04-17 07:38:57   [554/838] 2025-07-07  4 tweets
2026-04-17 07:39:37   [555/838] 2025-07-08  10 tweets
2026-04-17 07:40:02   [556/838] 2025-07-09  14 tweets
2026-04-17 07:40:50   [557/838] 2025-07-10  0 tweets
2026-04-17 07:41:07   [558/838] 2025-07-11  18 tweets
2026-04-17 07:41:35   [559/838] 2025-07-12  16 tweets
2026-04-17 07:42:24   [560/838] 2025-07-13  12 tweets
2026-04-17 07:42:57   [561/838] 2025-07-14  14 tweets
2026-04-17 07:43:41   [562/838] 2025-07-15  6 tweets
2026-04-17 07:44:22   [563/838] 2025-07-16  14 tweets
2026-04-17 07:44:59   [564/838] 2025-07-17  15 tweets
2026-04-17 07:45:42   [565/838] 2025-07-18  10 tweets
2026-04-17 07:46:21   [566/838] 2025-07-19  0 tweets
2026-04-17 07:46:57   [567/838] 2025-07-20  4 tweets
2026-04-17 07:47:16   [568/838] 2025-07-21  22 tweets
2026-04-17 07:47:50   [569/838] 2025-07-22  8 tweets
2026-04-17 07:48:38   [570/838] 2025-07-23  14 tweets
2026-04-17 07:49:07   [571/838] 2025-07-24  18 tweets
2026-04-17 07:49:47   [572/838] 2025-07-25  14 tweets
2026-04-17 07:50:13   [573/838] 2025-07-26  10 tweets
2026-04-17 07:50:48   [574/838] 2025-07-27  2 tweets RATE_LIMIT?
2026-04-17 07:51:02   [575/838] 2025-07-28  0 tweets RATE_LIMIT?
2026-04-17 07:51:08   [probe] 0 tweets — RATE LIMIT CONFIRMADO
2026-04-17 07:51:08 [!] Revertidos y CSVs eliminados: ['2025-07-27', '2025-07-28']
2026-04-17 07:51:08 [!] Rate limit confirmado — esperando 1 minuto y reintentando...
2026-04-17 07:52:08 [+] Total: 838 dias | Pendientes: 265
2026-04-17 07:52:14   [574/838] 2025-07-27  4 tweets
2026-04-17 07:52:29   [575/838] 2025-07-28  20 tweets
2026-04-17 07:53:19   [576/838] 2025-07-29  6 tweets
2026-04-17 07:53:57   [577/838] 2025-07-30  10 tweets
2026-04-17 07:54:27   [578/838] 2025-07-31  12 tweets
2026-04-17 07:54:48   [579/838] 2025-08-01  12 tweets
2026-04-17 07:55:27   [580/838] 2025-08-02  4 tweets
2026-04-17 07:55:55   [581/838] 2025-08-03  12 tweets
2026-04-17 07:56:17   [582/838] 2025-08-04  6 tweets
2026-04-17 07:56:46   [583/838] 2025-08-05  8 tweets
2026-04-17 07:57:26   [584/838] 2025-08-06  12 tweets
2026-04-17 07:58:01   [585/838] 2025-08-07  2 tweets
2026-04-17 07:58:19   [586/838] 2025-08-08  10 tweets
2026-04-17 07:58:55   [587/838] 2025-08-09  6 tweets
2026-04-17 07:59:22   [588/838] 2025-08-10  2 tweets
2026-04-17 08:00:01   [589/838] 2025-08-11  0 tweets
2026-04-17 08:00:32   [590/838] 2025-08-12  10 tweets
2026-04-17 08:01:15   [591/838] 2025-08-13  6 tweets
2026-04-17 08:01:36   [592/838] 2025-08-14  6 tweets
2026-04-17 08:01:59   [593/838] 2025-08-15  4 tweets
2026-04-17 08:02:49   [594/838] 2025-08-16  6 tweets
2026-04-17 08:03:25   [595/838] 2025-08-17  2 tweets
2026-04-17 08:03:56   [596/838] 2025-08-18  2 tweets
2026-04-17 08:04:27   [597/838] 2025-08-19  10 tweets
2026-04-17 08:04:41   [598/838] 2025-08-20  1 tweets RATE_LIMIT?
2026-04-17 08:05:00   [599/838] 2025-08-21  0 tweets RATE_LIMIT?
2026-04-17 08:05:06   [probe] 0 tweets — RATE LIMIT CONFIRMADO
2026-04-17 08:05:06 [!] Revertidos y CSVs eliminados: ['2025-08-20', '2025-08-21']
2026-04-17 08:05:06 [!] Rate limit confirmado — esperando 1 minuto y reintentando...
2026-04-17 08:06:06 [+] Total: 838 dias | Pendientes: 241
2026-04-17 08:06:13   [598/838] 2025-08-20  0 tweets RATE_LIMIT?
2026-04-17 08:06:20   [probe] 0 tweets — RATE LIMIT CONFIRMADO
2026-04-17 08:06:20 [!] Revertidos y CSVs eliminados: ['2025-08-20']
2026-04-17 08:06:20 [!] Rate limit confirmado — esperando 1 minuto y reintentando...
2026-04-17 08:07:20 [+] Total: 838 dias | Pendientes: 241
2026-04-17 08:07:26   [598/838] 2025-08-20  2 tweets
2026-04-17 08:08:04   [599/838] 2025-08-21  10 tweets
2026-04-17 08:08:52   [600/838] 2025-08-22  12 tweets
2026-04-17 08:09:27   [601/838] 2025-08-23  14 tweets
2026-04-17 08:10:18   [602/838] 2025-08-24  2 tweets
2026-04-17 08:10:39   [603/838] 2025-08-25  12 tweets
2026-04-17 08:11:14   [604/838] 2025-08-26  12 tweets
2026-04-17 08:11:35   [605/838] 2025-08-27  12 tweets
2026-04-17 08:11:54   [606/838] 2025-08-28  4 tweets
2026-04-17 08:12:27   [607/838] 2025-08-29  4 tweets
2026-04-17 08:13:14   [608/838] 2025-08-30  6 tweets
2026-04-17 08:13:42   [609/838] 2025-08-31  12 tweets
2026-04-17 08:13:54   [610/838] 2025-09-01  4 tweets
2026-04-17 08:14:14   [611/838] 2025-09-02  6 tweets
2026-04-17 08:14:26   [612/838] 2025-09-03  12 tweets
2026-04-17 08:15:07   [613/838] 2025-09-04  10 tweets
2026-04-17 08:15:21   [614/838] 2025-09-05  2 tweets
2026-04-17 08:15:40   [615/838] 2025-09-06  14 tweets
2026-04-17 08:16:28   [616/838] 2025-09-07  8 tweets
2026-04-17 08:16:49   [617/838] 2025-09-08  0 tweets
2026-04-17 08:17:13   [618/838] 2025-09-09  12 tweets
2026-04-17 08:17:26   [619/838] 2025-09-10  20 tweets
2026-04-17 08:18:02   [620/838] 2025-09-11  4 tweets
2026-04-17 08:18:49   [621/838] 2025-09-12  8 tweets
2026-04-17 08:19:20   [622/838] 2025-09-13  0 tweets
2026-04-17 08:20:10   [623/838] 2025-09-14  6 tweets RATE_LIMIT?
2026-04-17 08:20:55   [624/838] 2025-09-15  0 tweets RATE_LIMIT?
2026-04-17 08:21:01   [probe] 0 tweets — RATE LIMIT CONFIRMADO
2026-04-17 08:21:01 [!] Revertidos y CSVs eliminados: ['2025-09-14', '2025-09-15']
2026-04-17 08:21:01 [!] Rate limit confirmado — esperando 1 minuto y reintentando...
2026-04-17 08:22:01 [+] Total: 838 dias | Pendientes: 216
2026-04-17 08:22:09   [623/838] 2025-09-14  0 tweets RATE_LIMIT?
2026-04-17 08:22:16   [probe] 0 tweets — RATE LIMIT CONFIRMADO
2026-04-17 08:22:16 [!] Revertidos y CSVs eliminados: ['2025-09-14']
2026-04-17 08:22:16 [!] Rate limit confirmado — esperando 1 minuto y reintentando...
2026-04-17 08:23:16 [+] Total: 838 dias | Pendientes: 216
2026-04-17 08:23:22   [623/838] 2025-09-14  12 tweets
2026-04-17 08:24:00   [624/838] 2025-09-15  26 tweets
2026-04-17 08:24:23   [625/838] 2025-09-16  20 tweets
2026-04-17 08:25:07   [626/838] 2025-09-17  2 tweets
2026-04-17 08:25:28   [627/838] 2025-09-18  4 tweets
2026-04-17 08:25:46   [628/838] 2025-09-19  14 tweets
2026-04-17 08:26:08   [629/838] 2025-09-20  12 tweets
2026-04-17 08:26:43   [630/838] 2025-09-21  2 tweets
2026-04-17 08:27:25   [631/838] 2025-09-22  12 tweets
2026-04-17 08:27:42   [632/838] 2025-09-23  16 tweets
2026-04-17 08:28:14   [633/838] 2025-09-24  2 tweets
2026-04-17 08:28:44   [634/838] 2025-09-25  0 tweets
2026-04-17 08:29:09   [635/838] 2025-09-26  6 tweets
2026-04-17 08:29:50   [636/838] 2025-09-27  10 tweets
2026-04-17 08:30:07   [637/838] 2025-09-28  8 tweets
2026-04-17 08:30:23   [638/838] 2025-09-29  2 tweets
2026-04-17 08:30:41   [639/838] 2025-09-30  2 tweets
2026-04-17 08:31:01   [640/838] 2025-10-01  12 tweets
2026-04-17 08:31:15   [641/838] 2025-10-02  6 tweets
2026-04-17 08:32:00   [642/838] 2025-10-03  6 tweets
2026-04-17 08:32:33   [643/838] 2025-10-04  4 tweets
2026-04-17 08:32:59   [644/838] 2025-10-05  8 tweets
2026-04-17 08:33:42   [645/838] 2025-10-06  6 tweets
2026-04-17 08:34:30   [646/838] 2025-10-07  2 tweets
2026-04-17 08:35:17   [647/838] 2025-10-08  12 tweets
2026-04-17 08:35:57   [648/838] 2025-10-09  0 tweets RATE_LIMIT?
2026-04-17 08:36:03   [probe] 0 tweets — RATE LIMIT CONFIRMADO
2026-04-17 08:36:03 [!] Revertidos y CSVs eliminados: ['2025-10-08', '2025-10-09']
2026-04-17 08:36:03 [!] Rate limit confirmado — esperando 1 minuto y reintentando...
2026-04-17 08:37:03 [+] Total: 838 dias | Pendientes: 192
2026-04-17 08:37:10   [647/838] 2025-10-08  0 tweets RATE_LIMIT?
2026-04-17 08:37:17   [probe] 0 tweets — RATE LIMIT CONFIRMADO
2026-04-17 08:37:17 [!] Revertidos y CSVs eliminados: ['2025-10-08']
2026-04-17 08:37:17 [!] Rate limit confirmado — esperando 1 minuto y reintentando...
2026-04-17 08:38:17 [+] Total: 838 dias | Pendientes: 192
2026-04-17 08:38:23   [647/838] 2025-10-08  12 tweets
2026-04-17 08:38:52   [648/838] 2025-10-09  4 tweets
2026-04-17 08:39:11   [649/838] 2025-10-10  2 tweets
2026-04-17 08:39:43   [650/838] 2025-10-11  8 tweets
2026-04-17 08:40:02   [651/838] 2025-10-12  2 tweets
2026-04-17 08:40:38   [652/838] 2025-10-13  12 tweets
2026-04-17 08:41:22   [653/838] 2025-10-14  4 tweets
2026-04-17 08:42:10   [654/838] 2025-10-15  6 tweets
2026-04-17 08:42:39   [655/838] 2025-10-16  14 tweets
2026-04-17 08:43:19   [656/838] 2025-10-17  16 tweets
2026-04-17 08:43:47   [657/838] 2025-10-18  4 tweets
2026-04-17 08:44:07   [658/838] 2025-10-19  16 tweets
2026-04-17 08:44:30   [659/838] 2025-10-20  2 tweets
2026-04-17 08:45:02   [660/838] 2025-10-21  6 tweets
2026-04-17 08:45:29   [661/838] 2025-10-22  18 tweets
2026-04-17 08:45:45   [662/838] 2025-10-23  2 tweets
2026-04-17 08:46:33   [663/838] 2025-10-24  12 tweets
2026-04-17 08:47:15   [664/838] 2025-10-25  4 tweets
2026-04-17 08:47:53   [665/838] 2025-10-26  4 tweets
2026-04-17 08:48:33   [666/838] 2025-10-27  8 tweets
2026-04-17 08:49:21   [667/838] 2025-10-28  4 tweets
2026-04-17 08:49:47   [668/838] 2025-10-29  4 tweets
2026-04-17 08:50:17   [669/838] 2025-10-30  6 tweets
2026-04-17 08:50:49   [670/838] 2025-10-31  14 tweets
2026-04-17 08:51:21   [671/838] 2025-11-01  8 tweets
2026-04-17 08:52:07   [672/838] 2025-11-02  0 tweets RATE_LIMIT?
2026-04-17 08:52:13   [probe] 0 tweets — RATE LIMIT CONFIRMADO
2026-04-17 08:52:13 [!] Revertidos y CSVs eliminados: ['2025-11-01', '2025-11-02']
2026-04-17 08:52:13 [!] Rate limit confirmado — esperando 1 minuto y reintentando...
2026-04-17 08:53:13 [+] Total: 838 dias | Pendientes: 168
2026-04-17 08:53:20   [671/838] 2025-11-01  0 tweets RATE_LIMIT?
2026-04-17 08:53:26   [probe] 30 tweets — mes vacio normal
2026-04-17 08:53:55   [672/838] 2025-11-02  8 tweets
2026-04-17 08:54:12   [673/838] 2025-11-03  12 tweets
2026-04-17 08:54:41   [674/838] 2025-11-04  6 tweets
2026-04-17 08:55:27   [675/838] 2025-11-05  6 tweets
2026-04-17 08:56:07   [676/838] 2025-11-06  12 tweets
2026-04-17 08:56:32   [677/838] 2025-11-07  20 tweets
2026-04-17 08:57:11   [678/838] 2025-11-08  12 tweets
2026-04-17 08:57:43   [679/838] 2025-11-09  6 tweets
2026-04-17 08:57:56   [680/838] 2025-11-10  2 tweets
2026-04-17 08:58:21   [681/838] 2025-11-11  4 tweets
2026-04-17 08:58:34   [682/838] 2025-11-12  12 tweets
2026-04-17 08:58:50   [683/838] 2025-11-13  8 tweets
2026-04-17 08:59:07   [684/838] 2025-11-14  16 tweets
2026-04-17 08:59:26   [685/838] 2025-11-15  18 tweets
2026-04-17 09:00:11   [686/838] 2025-11-16  10 tweets
2026-04-17 09:00:29   [687/838] 2025-11-17  6 tweets
2026-04-17 09:00:41   [688/838] 2025-11-18  8 tweets
2026-04-17 09:01:30   [689/838] 2025-11-19 SIN_RESPUESTA — reiniciando, reintentando...
2026-04-17 09:01:52   [689/838] 2025-11-19  10 tweets
2026-04-17 09:02:16   [690/838] 2025-11-20  10 tweets
2026-04-17 09:02:49   [691/838] 2025-11-21  8 tweets
2026-04-17 09:03:11   [692/838] 2025-11-22  10 tweets
2026-04-17 09:03:41   [693/838] 2025-11-23  0 tweets
2026-04-17 09:04:19   [694/838] 2025-11-24  12 tweets
